[2025-12-31T20:02:47.528+0000] {local_task_job_runner.py:120} INFO - ::group::Pre task execution logs
[2025-12-31T20:02:47.538+0000] {taskinstance.py:2076} INFO - Dependencies all met for dep_context=non-requeueable deps ti=<TaskInstance: flights_ops_medallion_pipe.load_gold_to_snowflake manual__2025-12-31T20:02:43.497341+00:00 [queued]>
[2025-12-31T20:02:47.540+0000] {taskinstance.py:2076} INFO - Dependencies all met for dep_context=requeueable deps ti=<TaskInstance: flights_ops_medallion_pipe.load_gold_to_snowflake manual__2025-12-31T20:02:43.497341+00:00 [queued]>
[2025-12-31T20:02:47.540+0000] {taskinstance.py:2306} INFO - Starting attempt 1 of 1
[2025-12-31T20:02:47.543+0000] {taskinstance.py:2330} INFO - Executing <Task(PythonOperator): load_gold_to_snowflake> on 2025-12-31 20:02:43.497341+00:00
[2025-12-31T20:02:47.546+0000] {logging_mixin.py:188} WARNING - /home/airflow/.local/lib/python3.12/site-packages/airflow/task/task_runner/standard_task_runner.py:62 DeprecationWarning: This process (pid=5287) is multi-threaded, use of fork() may lead to deadlocks in the child.
[2025-12-31T20:02:47.546+0000] {standard_task_runner.py:64} INFO - Started process 5290 to run task
[2025-12-31T20:02:47.546+0000] {standard_task_runner.py:90} INFO - Running: ['airflow', 'tasks', 'run', 'flights_ops_medallion_pipe', 'load_gold_to_snowflake', 'manual__2025-12-31T20:02:43.497341+00:00', '--job-id', '49', '--raw', '--subdir', 'DAGS_FOLDER/flight-pipeline.py', '--cfg-path', '/tmp/tmph0xtr7ik']
[2025-12-31T20:02:47.547+0000] {standard_task_runner.py:91} INFO - Job 49: Subtask load_gold_to_snowflake
[2025-12-31T20:02:47.562+0000] {task_command.py:426} INFO - Running <TaskInstance: flights_ops_medallion_pipe.load_gold_to_snowflake manual__2025-12-31T20:02:43.497341+00:00 [running]> on host fc3b12ccbf36
[2025-12-31T20:02:47.588+0000] {taskinstance.py:2648} INFO - Exporting env vars: AIRFLOW_CTX_DAG_OWNER='airflow' AIRFLOW_CTX_DAG_ID='flights_ops_medallion_pipe' AIRFLOW_CTX_TASK_ID='load_gold_to_snowflake' AIRFLOW_CTX_EXECUTION_DATE='2025-12-31T20:02:43.497341+00:00' AIRFLOW_CTX_TRY_NUMBER='1' AIRFLOW_CTX_DAG_RUN_ID='manual__2025-12-31T20:02:43.497341+00:00'
[2025-12-31T20:02:47.589+0000] {taskinstance.py:430} INFO - ::endgroup::
[2025-12-31T20:02:47.596+0000] {taskinstance.py:441} INFO - ::group::Post task execution logs
[2025-12-31T20:02:47.596+0000] {taskinstance.py:2905} ERROR - Task failed with exception
Traceback (most recent call last):
  File "/home/airflow/.local/lib/python3.12/site-packages/airflow/models/taskinstance.py", line 465, in _execute_task
    result = _execute_callable(context=context, **execute_callable_kwargs)
             ^^^^^^^^^^^^^^^^^^^^^^^^^^^^^^^^^^^^^^^^^^^^^^^^^^^^^^^^^^^^^
  File "/home/airflow/.local/lib/python3.12/site-packages/airflow/models/taskinstance.py", line 432, in _execute_callable
    return execute_callable(context=context, **execute_callable_kwargs)
           ^^^^^^^^^^^^^^^^^^^^^^^^^^^^^^^^^^^^^^^^^^^^^^^^^^^^^^^^^^^^
  File "/home/airflow/.local/lib/python3.12/site-packages/airflow/models/baseoperator.py", line 401, in wrapper
    return func(self, *args, **kwargs)
           ^^^^^^^^^^^^^^^^^^^^^^^^^^^
  File "/home/airflow/.local/lib/python3.12/site-packages/airflow/operators/python.py", line 235, in execute
    return_value = self.execute_callable()
                   ^^^^^^^^^^^^^^^^^^^^^^^
  File "/home/airflow/.local/lib/python3.12/site-packages/airflow/operators/python.py", line 252, in execute_callable
    return self.python_callable(*self.op_args, **self.op_kwargs)
           ^^^^^^^^^^^^^^^^^^^^^^^^^^^^^^^^^^^^^^^^^^^^^^^^^^^^^
  File "/opt/airflow/scripts/load_gold_to_snowflake.py", line 12, in load_gold_to_snowflake
    raise ValueError("Gold file not found in xcom")
ValueError: Gold file not found in xcom
[2025-12-31T20:02:47.600+0000] {taskinstance.py:1206} INFO - Marking task as FAILED. dag_id=flights_ops_medallion_pipe, task_id=load_gold_to_snowflake, run_id=manual__2025-12-31T20:02:43.497341+00:00, execution_date=20251231T200243, start_date=20251231T200247, end_date=20251231T200247
[2025-12-31T20:02:47.603+0000] {standard_task_runner.py:110} ERROR - Failed to execute job 49 for task load_gold_to_snowflake (Gold file not found in xcom; 5290)
[2025-12-31T20:02:47.644+0000] {local_task_job_runner.py:243} INFO - Task exited with return code 1
[2025-12-31T20:02:47.650+0000] {taskinstance.py:3503} INFO - 0 downstream tasks scheduled from follow-on schedule check
[2025-12-31T20:02:47.651+0000] {local_task_job_runner.py:222} INFO - ::endgroup::
