[2025-12-31T21:16:36.758+0000] {local_task_job_runner.py:120} INFO - ::group::Pre task execution logs
[2025-12-31T21:16:36.768+0000] {taskinstance.py:2076} INFO - Dependencies all met for dep_context=non-requeueable deps ti=<TaskInstance: flights_ops_medallion_pipe.load_gold_to_snowflake manual__2025-12-31T21:16:32.497669+00:00 [queued]>
[2025-12-31T21:16:36.770+0000] {taskinstance.py:2076} INFO - Dependencies all met for dep_context=requeueable deps ti=<TaskInstance: flights_ops_medallion_pipe.load_gold_to_snowflake manual__2025-12-31T21:16:32.497669+00:00 [queued]>
[2025-12-31T21:16:36.770+0000] {taskinstance.py:2306} INFO - Starting attempt 1 of 1
[2025-12-31T21:16:36.774+0000] {taskinstance.py:2330} INFO - Executing <Task(PythonOperator): load_gold_to_snowflake> on 2025-12-31 21:16:32.497669+00:00
[2025-12-31T21:16:36.776+0000] {logging_mixin.py:188} WARNING - /home/airflow/.local/lib/python3.12/site-packages/airflow/task/task_runner/standard_task_runner.py:62 DeprecationWarning: This process (pid=6467) is multi-threaded, use of fork() may lead to deadlocks in the child.
[2025-12-31T21:16:36.776+0000] {standard_task_runner.py:64} INFO - Started process 6470 to run task
[2025-12-31T21:16:36.777+0000] {standard_task_runner.py:90} INFO - Running: ['airflow', 'tasks', 'run', 'flights_ops_medallion_pipe', 'load_gold_to_snowflake', 'manual__2025-12-31T21:16:32.497669+00:00', '--job-id', '89', '--raw', '--subdir', 'DAGS_FOLDER/flight-pipeline.py', '--cfg-path', '/tmp/tmps5pkgbd7']
[2025-12-31T21:16:36.778+0000] {standard_task_runner.py:91} INFO - Job 89: Subtask load_gold_to_snowflake
[2025-12-31T21:16:36.795+0000] {task_command.py:426} INFO - Running <TaskInstance: flights_ops_medallion_pipe.load_gold_to_snowflake manual__2025-12-31T21:16:32.497669+00:00 [running]> on host fc3b12ccbf36
[2025-12-31T21:16:36.825+0000] {taskinstance.py:2648} INFO - Exporting env vars: AIRFLOW_CTX_DAG_OWNER='airflow' AIRFLOW_CTX_DAG_ID='flights_ops_medallion_pipe' AIRFLOW_CTX_TASK_ID='load_gold_to_snowflake' AIRFLOW_CTX_EXECUTION_DATE='2025-12-31T21:16:32.497669+00:00' AIRFLOW_CTX_TRY_NUMBER='1' AIRFLOW_CTX_DAG_RUN_ID='manual__2025-12-31T21:16:32.497669+00:00'
[2025-12-31T21:16:36.825+0000] {taskinstance.py:430} INFO - ::endgroup::
[2025-12-31T21:16:36.840+0000] {base.py:84} INFO - Using connection ID 'flight_snowflake' for task execution.
[2025-12-31T21:16:36.840+0000] {connection.py:408} INFO - Snowflake Connector for Python Version: 3.11.0, Python Version: 3.12.4, Platform: Linux-6.12.54-linuxkit-aarch64-with-glibc2.36
[2025-12-31T21:16:36.840+0000] {connection.py:1258} INFO - This connection is in OCSP Fail Open Mode. TLS Certificates would be checked for validity and revocation status. Any other Certificate Revocation related exceptions or OCSP Responder failures would be disregarded in favor of connectivity.
[2025-12-31T21:17:35.459+0000] {connection.py:773} INFO - closed
[2025-12-31T21:17:35.482+0000] {connection.py:779} INFO - No async queries seem to be running, deleting session
[2025-12-31T21:17:35.531+0000] {python.py:237} INFO - Done. Returned value was: None
[2025-12-31T21:17:35.532+0000] {taskinstance.py:441} INFO - ::group::Post task execution logs
[2025-12-31T21:17:35.546+0000] {taskinstance.py:1206} INFO - Marking task as SUCCESS. dag_id=flights_ops_medallion_pipe, task_id=load_gold_to_snowflake, run_id=manual__2025-12-31T21:16:32.497669+00:00, execution_date=20251231T211632, start_date=20251231T211636, end_date=20251231T211735
[2025-12-31T21:17:35.565+0000] {local_task_job_runner.py:243} INFO - Task exited with return code 0
[2025-12-31T21:17:35.576+0000] {taskinstance.py:3503} INFO - 0 downstream tasks scheduled from follow-on schedule check
[2025-12-31T21:17:35.577+0000] {local_task_job_runner.py:222} INFO - ::endgroup::
