[2025-12-31T13:48:17.113+0000] {local_task_job_runner.py:120} INFO - ::group::Pre task execution logs
[2025-12-31T13:48:17.125+0000] {taskinstance.py:2076} INFO - Dependencies all met for dep_context=non-requeueable deps ti=<TaskInstance: flights_ops_medallion_pipe.bronze_ingest manual__2025-12-31T13:48:16.564531+00:00 [queued]>
[2025-12-31T13:48:17.127+0000] {taskinstance.py:2076} INFO - Dependencies all met for dep_context=requeueable deps ti=<TaskInstance: flights_ops_medallion_pipe.bronze_ingest manual__2025-12-31T13:48:16.564531+00:00 [queued]>
[2025-12-31T13:48:17.127+0000] {taskinstance.py:2306} INFO - Starting attempt 1 of 1
[2025-12-31T13:48:17.131+0000] {taskinstance.py:2330} INFO - Executing <Task(PythonOperator): bronze_ingest> on 2025-12-31 13:48:16.564531+00:00
[2025-12-31T13:48:17.133+0000] {standard_task_runner.py:90} INFO - Running: ['airflow', 'tasks', 'run', 'flights_ops_medallion_pipe', 'bronze_ingest', 'manual__2025-12-31T13:48:16.564531+00:00', '--job-id', '9', '--raw', '--subdir', 'DAGS_FOLDER/flight-pipeline.py', '--cfg-path', '/tmp/tmpsq5c319s']
[2025-12-31T13:48:17.134+0000] {standard_task_runner.py:91} INFO - Job 9: Subtask bronze_ingest
[2025-12-31T13:48:17.134+0000] {logging_mixin.py:188} WARNING - /home/airflow/.local/lib/python3.12/site-packages/airflow/task/task_runner/standard_task_runner.py:62 DeprecationWarning: This process (pid=1233) is multi-threaded, use of fork() may lead to deadlocks in the child.
[2025-12-31T13:48:17.135+0000] {standard_task_runner.py:64} INFO - Started process 1234 to run task
[2025-12-31T13:48:17.151+0000] {task_command.py:426} INFO - Running <TaskInstance: flights_ops_medallion_pipe.bronze_ingest manual__2025-12-31T13:48:16.564531+00:00 [running]> on host fc3b12ccbf36
[2025-12-31T13:48:17.175+0000] {taskinstance.py:2648} INFO - Exporting env vars: AIRFLOW_CTX_DAG_OWNER='airflow' AIRFLOW_CTX_DAG_ID='flights_ops_medallion_pipe' AIRFLOW_CTX_TASK_ID='bronze_ingest' AIRFLOW_CTX_EXECUTION_DATE='2025-12-31T13:48:16.564531+00:00' AIRFLOW_CTX_TRY_NUMBER='1' AIRFLOW_CTX_DAG_RUN_ID='manual__2025-12-31T13:48:16.564531+00:00'
[2025-12-31T13:48:17.176+0000] {taskinstance.py:430} INFO - ::endgroup::
[2025-12-31T13:48:17.510+0000] {taskinstance.py:441} INFO - ::group::Post task execution logs
[2025-12-31T13:48:17.511+0000] {taskinstance.py:2905} ERROR - Task failed with exception
Traceback (most recent call last):
  File "/home/airflow/.local/lib/python3.12/site-packages/airflow/models/taskinstance.py", line 465, in _execute_task
    result = _execute_callable(context=context, **execute_callable_kwargs)
             ^^^^^^^^^^^^^^^^^^^^^^^^^^^^^^^^^^^^^^^^^^^^^^^^^^^^^^^^^^^^^
  File "/home/airflow/.local/lib/python3.12/site-packages/airflow/models/taskinstance.py", line 432, in _execute_callable
    return execute_callable(context=context, **execute_callable_kwargs)
           ^^^^^^^^^^^^^^^^^^^^^^^^^^^^^^^^^^^^^^^^^^^^^^^^^^^^^^^^^^^^
  File "/home/airflow/.local/lib/python3.12/site-packages/airflow/models/baseoperator.py", line 401, in wrapper
    return func(self, *args, **kwargs)
           ^^^^^^^^^^^^^^^^^^^^^^^^^^^
  File "/home/airflow/.local/lib/python3.12/site-packages/airflow/operators/python.py", line 235, in execute
    return_value = self.execute_callable()
                   ^^^^^^^^^^^^^^^^^^^^^^^
  File "/home/airflow/.local/lib/python3.12/site-packages/airflow/operators/python.py", line 252, in execute_callable
    return self.python_callable(*self.op_args, **self.op_kwargs)
           ^^^^^^^^^^^^^^^^^^^^^^^^^^^^^^^^^^^^^^^^^^^^^^^^^^^^^
  File "/opt/airflow/scripts/bronze_ingest.py", line 18, in run_bronze_ingestion
    with open(path, "w") as f:
         ^^^^^^^^^^^^^^^
FileNotFoundError: [Errno 2] No such file or directory: '/opt/airflow/data/bronze/flights_20251231134817.json'
[2025-12-31T13:48:17.519+0000] {taskinstance.py:1206} INFO - Marking task as FAILED. dag_id=flights_ops_medallion_pipe, task_id=bronze_ingest, run_id=manual__2025-12-31T13:48:16.564531+00:00, execution_date=20251231T134816, start_date=20251231T134817, end_date=20251231T134817
[2025-12-31T13:48:17.526+0000] {standard_task_runner.py:110} ERROR - Failed to execute job 9 for task bronze_ingest ([Errno 2] No such file or directory: '/opt/airflow/data/bronze/flights_20251231134817.json'; 1234)
[2025-12-31T13:48:17.563+0000] {local_task_job_runner.py:243} INFO - Task exited with return code 1
[2025-12-31T13:48:17.575+0000] {taskinstance.py:3503} INFO - 0 downstream tasks scheduled from follow-on schedule check
[2025-12-31T13:48:17.576+0000] {local_task_job_runner.py:222} INFO - ::endgroup::
