[2025-12-31T13:39:10.805+0000] {local_task_job_runner.py:120} INFO - ::group::Pre task execution logs
[2025-12-31T13:39:10.816+0000] {taskinstance.py:2076} INFO - Dependencies all met for dep_context=non-requeueable deps ti=<TaskInstance: flights_ops_medallion_pipe.bronze_ingest manual__2025-12-31T13:39:09.967015+00:00 [queued]>
[2025-12-31T13:39:10.818+0000] {taskinstance.py:2076} INFO - Dependencies all met for dep_context=requeueable deps ti=<TaskInstance: flights_ops_medallion_pipe.bronze_ingest manual__2025-12-31T13:39:09.967015+00:00 [queued]>
[2025-12-31T13:39:10.818+0000] {taskinstance.py:2306} INFO - Starting attempt 1 of 1
[2025-12-31T13:39:10.822+0000] {taskinstance.py:2330} INFO - Executing <Task(PythonOperator): bronze_ingest> on 2025-12-31 13:39:09.967015+00:00
[2025-12-31T13:39:10.824+0000] {standard_task_runner.py:90} INFO - Running: ['airflow', 'tasks', 'run', 'flights_ops_medallion_pipe', 'bronze_ingest', 'manual__2025-12-31T13:39:09.967015+00:00', '--job-id', '4', '--raw', '--subdir', 'DAGS_FOLDER/flight-pipeline.py', '--cfg-path', '/tmp/tmp9uv83wdh']
[2025-12-31T13:39:10.825+0000] {standard_task_runner.py:91} INFO - Job 4: Subtask bronze_ingest
[2025-12-31T13:39:10.825+0000] {logging_mixin.py:188} WARNING - /home/airflow/.local/lib/python3.12/site-packages/airflow/task/task_runner/standard_task_runner.py:62 DeprecationWarning: This process (pid=1118) is multi-threaded, use of fork() may lead to deadlocks in the child.
[2025-12-31T13:39:10.826+0000] {standard_task_runner.py:64} INFO - Started process 1119 to run task
[2025-12-31T13:39:10.843+0000] {task_command.py:426} INFO - Running <TaskInstance: flights_ops_medallion_pipe.bronze_ingest manual__2025-12-31T13:39:09.967015+00:00 [running]> on host fc3b12ccbf36
[2025-12-31T13:39:10.868+0000] {taskinstance.py:2648} INFO - Exporting env vars: AIRFLOW_CTX_DAG_OWNER='airflow' AIRFLOW_CTX_DAG_ID='flights_ops_medallion_pipe' AIRFLOW_CTX_TASK_ID='bronze_ingest' AIRFLOW_CTX_EXECUTION_DATE='2025-12-31T13:39:09.967015+00:00' AIRFLOW_CTX_TRY_NUMBER='1' AIRFLOW_CTX_DAG_RUN_ID='manual__2025-12-31T13:39:09.967015+00:00'
[2025-12-31T13:39:10.868+0000] {taskinstance.py:430} INFO - ::endgroup::
[2025-12-31T13:39:11.208+0000] {taskinstance.py:441} INFO - ::group::Post task execution logs
[2025-12-31T13:39:11.209+0000] {taskinstance.py:2905} ERROR - Task failed with exception
Traceback (most recent call last):
  File "/home/airflow/.local/lib/python3.12/site-packages/airflow/models/taskinstance.py", line 465, in _execute_task
    result = _execute_callable(context=context, **execute_callable_kwargs)
             ^^^^^^^^^^^^^^^^^^^^^^^^^^^^^^^^^^^^^^^^^^^^^^^^^^^^^^^^^^^^^
  File "/home/airflow/.local/lib/python3.12/site-packages/airflow/models/taskinstance.py", line 432, in _execute_callable
    return execute_callable(context=context, **execute_callable_kwargs)
           ^^^^^^^^^^^^^^^^^^^^^^^^^^^^^^^^^^^^^^^^^^^^^^^^^^^^^^^^^^^^
  File "/home/airflow/.local/lib/python3.12/site-packages/airflow/models/baseoperator.py", line 401, in wrapper
    return func(self, *args, **kwargs)
           ^^^^^^^^^^^^^^^^^^^^^^^^^^^
  File "/home/airflow/.local/lib/python3.12/site-packages/airflow/operators/python.py", line 235, in execute
    return_value = self.execute_callable()
                   ^^^^^^^^^^^^^^^^^^^^^^^
  File "/home/airflow/.local/lib/python3.12/site-packages/airflow/operators/python.py", line 252, in execute_callable
    return self.python_callable(*self.op_args, **self.op_kwargs)
           ^^^^^^^^^^^^^^^^^^^^^^^^^^^^^^^^^^^^^^^^^^^^^^^^^^^^^
  File "/opt/airflow/scripts/bronze_ingest.py", line 17, in run_bronze_ingestion
    with open(path,"w") as f:
         ^^^^^^^^^^^^^^
FileNotFoundError: [Errno 2] No such file or directory: '/opt/airflow/data/bronze/flights_20251231133911.json'
[2025-12-31T13:39:11.218+0000] {taskinstance.py:1206} INFO - Marking task as FAILED. dag_id=flights_ops_medallion_pipe, task_id=bronze_ingest, run_id=manual__2025-12-31T13:39:09.967015+00:00, execution_date=20251231T133909, start_date=20251231T133910, end_date=20251231T133911
[2025-12-31T13:39:11.224+0000] {standard_task_runner.py:110} ERROR - Failed to execute job 4 for task bronze_ingest ([Errno 2] No such file or directory: '/opt/airflow/data/bronze/flights_20251231133911.json'; 1119)
[2025-12-31T13:39:11.255+0000] {local_task_job_runner.py:243} INFO - Task exited with return code 1
[2025-12-31T13:39:11.267+0000] {taskinstance.py:3503} INFO - 0 downstream tasks scheduled from follow-on schedule check
[2025-12-31T13:39:11.267+0000] {local_task_job_runner.py:222} INFO - ::endgroup::
